2025-11-18 11:16:24,262 [INFO] 日志系统初始化完成，日志文件路径：E:\Git\SCADA-Tools\app.log
2025-11-18 11:17:22,250 [INFO] 日志系统初始化完成，日志文件路径：E:\Git\SCADA-Tools\app.log
2025-11-18 11:27:04,391 [INFO] 日志系统初始化完成，日志文件路径：E:\Git\SCADA-Tools\app.log
2025-11-18 11:36:25,642 [INFO] 日志系统初始化完成，日志文件路径：E:\Git\SCADA-Tools\app.log
2025-11-18 11:39:24,047 [INFO] 日志系统初始化完成，日志文件路径：E:\Git\SCADA-Tools\app.log
2025-11-18 11:40:13,418 [INFO] 日志系统初始化完成，日志文件路径：E:\Git\SCADA-Tools\app.log
2025-11-18 11:40:40,000 [INFO] 日志系统初始化完成，日志文件路径：E:\Git\SCADA-Tools\app.log
2025-11-18 11:40:46,008 [INFO] 日志系统初始化完成，日志文件路径：E:\Git\SCADA-Tools\app.log
2025-11-18 11:41:48,078 [INFO] 日志系统初始化完成，日志文件路径：E:\Git\SCADA-Tools\app.log
2025-11-18 11:42:55,485 [INFO] 日志系统初始化完成，日志文件路径：E:\Git\SCADA-Tools\app.log
2025-11-18 11:43:18,239 [INFO] 日志系统初始化完成，日志文件路径：E:\Git\SCADA-Tools\app.log
2025-11-18 11:49:48,638 [INFO] 日志系统初始化完成，日志文件路径：E:\Git\SCADA-Tools\app.log
2025-11-18 12:08:30,924 [INFO] 日志系统初始化完成，日志文件路径：E:\Git\SCADA-Tools\app.log
2025-11-18 12:26:39,870 [INFO] 日志系统初始化完成，日志文件路径：E:\Git\SCADA-Tools\app.log
2025-11-18 12:29:35,467 [INFO] 日志系统初始化完成，日志文件路径：E:\Git\SCADA-Tools\app.log
2025-11-18 12:35:20,156 [INFO] 日志系统初始化完成，日志文件路径：E:\Git\SCADA-Tools\app.log
2025-11-18 12:35:38,751 [INFO] 日志系统初始化完成，日志文件路径：E:\Git\SCADA-Tools\app.log
2025-11-18 12:37:09,234 [INFO] 日志系统初始化完成，日志文件路径：E:\Git\SCADA-Tools\app.log
2025-11-18 12:38:06,416 [INFO] 日志系统初始化完成，日志文件路径：E:\Git\SCADA-Tools\app.log
2025-11-18 12:38:49,187 [INFO] 日志系统初始化完成，日志文件路径：E:\Git\SCADA-Tools\app.log
2025-11-18 12:43:25,439 [INFO] 日志系统初始化完成，日志文件路径：E:\Git\SCADA-Tools\app.log
2025-11-18 12:51:40,717 [INFO] 日志系统初始化完成，日志文件路径：E:\Git\SCADA-Tools\app.log
2025-11-18 12:52:33,741 [INFO] 日志系统初始化完成，日志文件路径：E:\Git\SCADA-Tools\app.log
2025-11-18 12:58:28,753 [INFO] 日志系统初始化完成，日志文件路径：E:\Git\SCADA-Tools\app.log
2025-11-18 13:04:20,927 [INFO] 日志系统初始化完成，日志文件路径：E:\Git\SCADA-Tools\app.log
2025-11-18 13:05:43,683 [INFO] 日志系统初始化完成，日志文件路径：E:\Git\SCADA-Tools\app.log
2025-11-18 13:07:02,821 [INFO] 日志系统初始化完成，日志文件路径：E:\Git\SCADA-Tools\app.log
2025-11-18 13:07:12,775 [INFO] 日志系统初始化完成，日志文件路径：E:\Git\SCADA-Tools\app.log
2025-11-18 13:07:22,400 [INFO] 日志系统初始化完成，日志文件路径：E:\Git\SCADA-Tools\app.log
2025-11-18 13:08:30,323 [INFO] 日志系统初始化完成，日志文件路径：E:\Git\SCADA-Tools\app.log
2025-11-18 13:08:36,256 [INFO] 已加载模板文件：E:\Git\SCADA-Tools\config_kingscada\SIEMENS\udt_morot.json
2025-11-18 13:08:41,963 [INFO] 成功加载 CSV：E:/Git/KingSCADA_Tag/input_data/SIEMENS.csv，共 13 行
2025-11-18 13:08:44,140 [INFO] 成功生成点表文件：E:\Git\SCADA-Tools\output\SIEMENS_20251118130844.csv（共 377 行）
2025-11-18 13:11:37,502 [INFO] 日志系统初始化完成，日志文件路径：E:\Git\SCADA-Tools\app.log
2025-11-18 13:12:16,661 [INFO] 日志系统初始化完成，日志文件路径：E:\Git\SCADA-Tools\app.log
2025-11-18 13:17:05,309 [INFO] 已加载模板文件：E:\Git\SCADA-Tools\config_kingscada\SIEMENS\udt_morot.json
2025-11-18 13:17:10,437 [INFO] 已加载模板文件：E:\Git\SCADA-Tools\config_kingscada\SIEMENS\udt_pid.json
2025-11-18 13:24:30,068 [INFO] 日志系统初始化完成，日志文件路径：E:\Git\SCADA-Tools\app.log
2025-11-18 13:25:09,024 [INFO] 日志系统初始化完成，日志文件路径：E:\Git\SCADA-Tools\app.log
2025-11-18 13:27:18,357 [INFO] 日志系统初始化完成，日志文件路径：E:\Git\SCADA-Tools\app.log
2025-11-18 13:27:25,567 [INFO] 已加载模板文件：E:\Git\SCADA-Tools\config_kingscada\SIEMENS\udt_pid.json
2025-11-18 13:27:30,581 [INFO] 已加载模板文件：E:\Git\SCADA-Tools\config_kingscada\SIEMENS\udt_SST.json
2025-11-18 13:33:18,441 [INFO] 日志系统初始化完成，日志文件路径：E:\Git\SCADA-Tools\app.log
